nohup: 忽略输入
跳过已完成用户：Yuanjinya333
跳过已完成用户：Jamie08280
跳过已完成用户：zhangsan5615
跳过已完成用户：54981479635
跳过已完成用户：1615624606sjh
跳过已完成用户：XX366687
跳过已完成用户：KonguYogaZZ
跳过已完成用户：Dandanyoga123
跳过已完成用户：1792392018
跳过已完成用户：NANCY_Yoga
跳过已完成用户：MingxiangYOGA
跳过已完成用户：xiaoxiao77258
跳过已完成用户：978694761
跳过已完成用户：25867424222
跳过已完成用户：83595050281
跳过已完成用户：LINJIEYOGA
跳过已完成用户：95495910518
跳过已完成用户：39313819476
跳过已完成用户：94713143462
跳过已完成用户：Jordan1990
跳过已完成用户：28289191428
跳过已完成用户：72341010006
跳过已完成用户：49107546231
跳过已完成用户：Yo5205328
跳过已完成用户：46346706519
跳过已完成用户：583452128
跳过已完成用户：MQ77777777777
跳过已完成用户：127018555
跳过已完成用户：23338989383
跳过已完成用户：menglitong
跳过已完成用户：55597717
跳过已完成用户：feiyang72146
跳过已完成用户：D13760316723
跳过已完成用户：1592833190
跳过已完成用户：2209091699W
跳过已完成用户：1444228195
跳过已完成用户：89212080
跳过已完成用户：1658934542
跳过已完成用户：xu713820
跳过已完成用户：57908311967
跳过已完成用户：cc00727727
跳过已完成用户：1756883127
跳过已完成用户：33645657721
跳过已完成用户：92226560741
跳过已完成用户：yan876566513
跳过已完成用户：280222555
跳过已完成用户：32523361844
跳过已完成用户：371620511
跳过已完成用户：jinyuyoga
跳过已完成用户：tianyuanyoga
跳过已完成用户：1595599axy
跳过已完成用户：359586895
跳过已完成用户：daidai112811
跳过已完成用户：dongyue999
跳过已完成用户：182244120Amy
跳过已完成用户：830508948
跳过已完成用户：82836083
跳过已完成用户：90167262
跳过已完成用户：182263470
跳过已完成用户：xiuxiu1431
跳过已完成用户：141131343
跳过已完成用户：nl55859
跳过已完成用户：2087476296
跳过已完成用户：dy5hkwm3b5ro
跳过已完成用户：212647663
跳过已完成用户：1297414268
跳过已完成用户：929772785
跳过已完成用户：yujiaxiong
跳过已完成用户：31522432787
跳过已完成用户：1444228195
跳过已完成用户：wangliming7908
跳过已完成用户：571292665
跳过已完成用户：ajianJian689
跳过已完成用户：xiyang60724
跳过已完成用户：dypporfa8vih
跳过已完成用户：fengyugazhao
跳过已完成用户：dyxyogjozpr3
跳过已完成用户：taozi84284
跳过已完成用户：40819318586
跳过已完成用户：zrx111223
跳过已完成用户：55908853624
跳过已完成用户：benben73064
跳过已完成用户：zy2008509
跳过已完成用户：330571407
跳过已完成用户：shy1799
跳过已完成用户：lingfeeling_9
跳过已完成用户：2024dyyj
跳过已完成用户：91897313
跳过已完成用户：yugayugajian
跳过已完成用户：1487050978
跳过已完成用户：you1880066
跳过已完成用户：tiefen96874
跳过已完成用户：1613880914
跳过已完成用户：2061936687
跳过已完成用户：168778739
跳过已完成用户：yangqi210
跳过已完成用户：zhoumin_8807
跳过已完成用户：1445820504
跳过已完成用户：56151484205
跳过已完成用户：fangyuyuelia
跳过已完成用户：huitongwangc
跳过已完成用户：86509913539
跳过已完成用户：336098366
跳过已完成用户：1715868501
跳过已完成用户：dy6bbptigq38
跳过已完成用户：zyznl
跳过已完成用户：97485308665
跳过已完成用户：339186883
跳过已完成用户：anan74778
跳过已完成用户：590049131
跳过已完成用户：83931396665
跳过已完成用户：Cassie1000
跳过已完成用户：MR199855
跳过已完成用户：711775116
跳过已完成用户：XQQ_123456
跳过已完成用户：275187152
跳过已完成用户：21875582663
跳过已完成用户：dldodoyoga
跳过已完成用户：kbkm
跳过已完成用户：v15168001702
跳过已完成用户：23681598658
跳过已完成用户：61936559972
跳过已完成用户：51385038849
跳过已完成用户：2203810906
跳过已完成用户：Xiaodingdang2007
跳过已完成用户：dyy4wuw91r8q
跳过已完成用户：44410163773
跳过已完成用户：62224246147
跳过已完成用户：800072758
跳过已完成用户：34038730828
跳过已完成用户：dylpp81hudig
跳过已完成用户：30949554439
跳过已完成用户：202642167
跳过已完成用户：59376776846
跳过已完成用户：71467120339
跳过已完成用户：88016872869
跳过已完成用户：27771401200
跳过已完成用户：1616268058
跳过已完成用户：55991466516
跳过已完成用户：1795660755
跳过已完成用户：dyi5me85lx84
跳过已完成用户：90882876867
跳过已完成用户：1216727116
跳过已完成用户：malatanglaob67
跳过已完成用户：YuZ179
跳过已完成用户：73946761265
跳过已完成用户：LeLe1128_
跳过已完成用户：LL6211662
跳过已完成用户：aying9957
跳过已完成用户：bb544642002
跳过已完成用户：1154026538
跳过已完成用户：dyg5v2nqz283
跳过已完成用户：30482356658
跳过已完成用户：fsh52630
跳过已完成用户：105843327
跳过已完成用户：72799747652
跳过已完成用户：273727994
跳过已完成用户：999yujia
跳过已完成用户：weisuPilates
跳过已完成用户：78321867
跳过已完成用户：JXH89898976
跳过已完成用户：97953069237
跳过已完成用户：sagg521
跳过已完成用户：wxs_128
跳过已完成用户：58973175399
跳过已完成用户：64275138343
跳过已完成用户：34143254482
跳过已完成用户：zoeyoga33
跳过已完成用户：ZZ931344
跳过已完成用户：dndn1231234
跳过已完成用户：ren667998
跳过已完成用户：MYoga
跳过已完成用户：lailai125161830
跳过已完成用户：tt2288360
跳过已完成用户：huahuaxiaochu
跳过已完成用户：jiaoluo8003
跳过已完成用户：chenchenma8599
跳过已完成用户：Lisalianyujia
跳过已完成用户：360907792
跳过已完成用户：98432924073
跳过已完成用户：2159003670
跳过已完成用户：73262204766
跳过已完成用户：Pjryoga
跳过已完成用户：1099995335
跳过已完成用户：T281805281
跳过已完成用户：klnn1369
跳过已完成用户：W99662320541
跳过已完成用户：54222467932
跳过已完成用户：dyw5n5lxjkji
跳过已完成用户：26172084944
跳过已完成用户：973913848sc
跳过已完成用户：cui1546
跳过已完成用户：38972925294
跳过已完成用户：783059894
跳过已完成用户：GGyoga999
跳过已完成用户：Belllla521
跳过已完成用户：2023616wiff
跳过已完成用户：21852167600
跳过已完成用户：58819321718
跳过已完成用户：910841542
跳过已完成用户：73089038659
跳过已完成用户：1194515142
跳过已完成用户：57956561311
跳过已完成用户：67110212439
跳过已完成用户：ddmmwanm
跳过已完成用户：202017wan
跳过已完成用户：55568153171
跳过已完成用户：24189636334
跳过已完成用户：22531354391
跳过已完成用户：617573329
跳过已完成用户：77641229
跳过已完成用户：czy3yy21
跳过已完成用户：qianxiaoxi86
跳过已完成用户：Soya0416
跳过已完成用户：Motosek
跳过已完成用户：71795755
跳过已完成用户：84400026729
跳过已完成用户：337227629
跳过已完成用户：997JingJingYoga
跳过已完成用户：185763533
跳过已完成用户：88184553627
跳过已完成用户：M2015991
跳过已完成用户：yogi333333
跳过已完成用户：333505590
跳过已完成用户：dygzb3efwzwv
跳过已完成用户：22631527645
跳过已完成用户：1391679894
跳过已完成用户：1240091692
跳过已完成用户：sinianbuliuy29
跳过已完成用户：re3256665325
跳过已完成用户：sxiu818
跳过已完成用户：80716404
跳过已完成用户：90756170276
跳过已完成用户：71410677460
跳过已完成用户：luoqi110
跳过已完成用户：6091064
跳过已完成用户：135974675
跳过已完成用户：xfx2581
跳过已完成用户：duyiwuer5238
跳过已完成用户：57180418060
跳过已完成用户：yayi8866
跳过已完成用户：85844413002
跳过已完成用户：69926444421
跳过已完成用户：203733397
跳过已完成用户：58773223962
跳过已完成用户：xy891005
跳过已完成用户：qy13592572761
跳过已完成用户：571934775
跳过已完成用户：13524371222Yoga
跳过已完成用户：Yogacc0710
跳过已完成用户：30080913687
跳过已完成用户：mufnyoga_8886
跳过已完成用户：FayYogafei
跳过已完成用户：BR73766
跳过已完成用户：145791660
跳过已完成用户：1581545650
跳过已完成用户：72303493059
跳过已完成用户：mgj19851122
跳过已完成用户：603451394
跳过已完成用户：914503352
跳过已完成用户：267859483
跳过已完成用户：AZZ13145
跳过已完成用户：61834590107
跳过已完成用户：186763102
跳过已完成用户：douya1004
跳过已完成用户：29840992087
跳过已完成用户：muziruyue8838
跳过已完成用户：A19938014521
跳过已完成用户：1998710dandan
跳过已完成用户：792474782
跳过已完成用户：86261643068
跳过已完成用户：67220184724
跳过已完成用户：D1982710
跳过已完成用户：31234364432
跳过已完成用户：happy2024allday
跳过已完成用户：63139137388
跳过已完成用户：Xiaoyu95228
跳过已完成用户：591358826
跳过已完成用户：CC9766726
跳过已完成用户：46194442965
跳过已完成用户：MySoulFound_
跳过已完成用户：47920294290
跳过已完成用户：taosanqi
跳过已完成用户：347484860
跳过已完成用户：88354628752
跳过已完成用户：984867963
跳过已完成用户：1234567yama
跳过已完成用户：75560348201
跳过已完成用户：65885282654
跳过已完成用户：30497988547
跳过已完成用户：32275726323
跳过已完成用户：dyih3zsg8nxa
跳过已完成用户：92865908701
跳过已完成用户：27012521
跳过已完成用户：343579333
跳过已完成用户：1267663933
跳过已完成用户：Lmw03210310
跳过已完成用户：193194674
跳过已完成用户：918858419
